Arguments: 
  C:\Program Files\nodejs\node.exe C:\Users\mrltl\AppData\Roaming\npm\node_modules\yarn\bin\yarn.js add -D webpack webpack-cli babel-loader @bable/core @bable/preset-react @babel/preset-typescript typescript ts-node express axios @types/react @types/react-dom react react-dom

PATH: 
  C:\Windows\system32;C:\Windows;C:\Windows\System32\Wbem;C:\Windows\System32\WindowsPowerShell\v1.0\;C:\Windows\System32\OpenSSH\;C:\Program Files\nodejs\;C:\Program Files (x86)\NVIDIA Corporation\PhysX\Common;C:\Program Files\Git\cmd;C:\WINDOWS\system32;C:\WINDOWS;C:\WINDOWS\System32\Wbem;C:\WINDOWS\System32\WindowsPowerShell\v1.0\;C:\WINDOWS\System32\OpenSSH\;C:\Users\mrltl\AppData\Local\Programs\Python\Python310\Scripts\;C:\Users\mrltl\AppData\Local\Programs\Python\Python310\;C:\Users\mrltl\AppData\Local\Microsoft\WindowsApps;C:\Users\mrltl\AppData\Roaming\npm;C:\Users\mrltl\AppData\Local\Programs\Microsoft VS Code\bin;C:\Users\mrltl\AppData\Local\Yarn\bin;

Yarn version: 
  1.22.19

Node version: 
  18.3.0

Platform: 
  win32 x64

Trace: 
  Error: https://registry.yarnpkg.com/@bable%2fcore: Not found
      at params.callback [as _callback] (C:\Users\mrltl\AppData\Roaming\npm\node_modules\yarn\lib\cli.js:66145:18)
      at self.callback (C:\Users\mrltl\AppData\Roaming\npm\node_modules\yarn\lib\cli.js:140890:22)
      at Request.emit (node:events:527:28)
      at Request.<anonymous> (C:\Users\mrltl\AppData\Roaming\npm\node_modules\yarn\lib\cli.js:141862:10)
      at Request.emit (node:events:527:28)
      at IncomingMessage.<anonymous> (C:\Users\mrltl\AppData\Roaming\npm\node_modules\yarn\lib\cli.js:141784:12)
      at Object.onceWrapper (node:events:641:28)
      at IncomingMessage.emit (node:events:539:35)
      at endReadableNT (node:internal/streams/readable:1344:12)
      at process.processTicksAndRejections (node:internal/process/task_queues:82:21)

npm manifest: 
  No manifest

yarn manifest: 
  No manifest

Lockfile: 
  No lockfile
